[debug] > Exec(run a a a, None, None)
[debug] Evaluating tasks: Compile / run
[debug] Running task... Cancel: Signal, check cycles: false, forcegc: true
[error] java.io.FileNotFoundException: a (Das System kann die angegebene Datei nicht finden)
[error] 	at java.base/java.io.FileInputStream.open0(Native Method)
[error] 	at java.base/java.io.FileInputStream.open(FileInputStream.java:219)
[error] 	at java.base/java.io.FileInputStream.<init>(FileInputStream.java:158)
[error] 	at scala.io.Source$.fromFile(Source.scala:94)
[error] 	at scala.io.Source$.fromFile(Source.scala:79)
[error] 	at scala.io.Source$.fromFile(Source.scala:57)
[error] 	at VersionControlSystem.VCS.generateDiffForFile(VCS.scala:22)
[error] 	at VCS_S$.main(main.scala:15)
[error] 	at VCS_S.main(main.scala)
[error] 	at java.base/jdk.internal.reflect.DirectMethodHandleAccessor.invoke(DirectMethodHandleAccessor.java:104)
[error] 	at java.base/java.lang.reflect.Method.invoke(Method.java:578)
[error] 	at sbt.Run.invokeMain(Run.scala:143)
[error] 	at sbt.Run.execute$1(Run.scala:93)
[error] 	at sbt.Run.$anonfun$runWithLoader$5(Run.scala:120)
[error] 	at sbt.Run$.executeSuccess(Run.scala:186)
[error] 	at sbt.Run.runWithLoader(Run.scala:120)
[error] 	at sbt.Defaults$.$anonfun$bgRunTask$6(Defaults.scala:1980)
[error] 	at sbt.Defaults$.$anonfun$termWrapper$2(Defaults.scala:1919)
[error] 	at scala.runtime.java8.JFunction0$mcV$sp.apply(JFunction0$mcV$sp.java:23)
[error] 	at scala.util.Try$.apply(Try.scala:213)
[error] 	at sbt.internal.BackgroundThreadPool$BackgroundRunnable.run(DefaultBackgroundJobService.scala:366)
[error] 	at java.base/java.util.concurrent.ThreadPoolExecutor.runWorker(ThreadPoolExecutor.java:1144)
[error] 	at java.base/java.util.concurrent.ThreadPoolExecutor$Worker.run(ThreadPoolExecutor.java:642)
[error] 	at java.base/java.lang.Thread.run(Thread.java:1589)
[error] (Compile / run) java.io.FileNotFoundException: a (Das System kann die angegebene Datei nicht finden)
[error] Total time: 0 s, completed 20.02.2023, 17:23:07
[debug] > Exec(idea-shell, None, None)
